2016-09-14 01:20:32,794 __main__     INFO     Logging succesfully initialized
2016-09-14 01:20:32,795 __main__     ERROR    Unable to get JSON file list. Will retry in 30 seconds. Found error: global name 'os' is not defined
2016-09-14 01:20:47,016 __main__     INFO     Logging succesfully initialized
2016-09-14 01:20:47,017 __main__     ERROR    Unable to get JSON file list. Will retry in 30 seconds. Found error: global name 'os' is not defined
2016-09-14 01:21:17,042 __main__     ERROR    Unable to get JSON file list. Will retry in 30 seconds. Found error: global name 'os' is not defined
2016-09-14 01:21:47,073 __main__     ERROR    Unable to get JSON file list. Will retry in 30 seconds. Found error: global name 'os' is not defined
2016-09-14 01:22:17,098 __main__     ERROR    Unable to get JSON file list. Will retry in 30 seconds. Found error: global name 'os' is not defined
2016-09-14 01:22:24,362 __main__     INFO     Logging succesfully initialized
2016-09-14 01:23:00,281 __main__     INFO     Logging succesfully initialized
2016-09-14 01:24:05,376 __main__     INFO     Logging succesfully initialized
2016-09-14 01:25:27,192 __main__     INFO     Logging succesfully initialized
2016-09-14 01:27:34,049 __main__     INFO     Logging succesfully initialized
2016-09-14 01:27:34,051 __main__     DEBUG    Got file list []
2016-09-14 01:27:39,169 __main__     DEBUG    Got file list []
2016-09-14 01:27:44,184 __main__     DEBUG    Got file list []
2016-09-14 01:27:49,198 __main__     DEBUG    Got file list []
2016-09-14 01:27:54,213 __main__     DEBUG    Got file list []
2016-09-14 01:27:59,229 __main__     DEBUG    Got file list []
2016-09-14 01:28:04,243 __main__     DEBUG    Got file list []
2016-09-14 01:28:09,257 __main__     DEBUG    Got file list []
2016-09-14 01:28:14,271 __main__     DEBUG    Got file list []
2016-09-14 01:28:19,286 __main__     DEBUG    Got file list []
2016-09-14 01:28:24,301 __main__     DEBUG    Got file list []
2016-09-14 01:28:29,317 __main__     DEBUG    Got file list []
2016-09-14 01:28:34,194 __main__     INFO     Logging succesfully initialized
2016-09-14 01:28:34,195 __main__     DEBUG    Monitoring /media/sf_Elance/edusoft/s3uploader/mf
2016-09-14 01:28:34,196 __main__     DEBUG    Got file list []
2016-09-14 01:28:39,312 __main__     DEBUG    Got file list []
2016-09-14 01:28:44,326 __main__     DEBUG    Got file list []
2016-09-14 01:28:49,341 __main__     DEBUG    Got file list []
2016-09-14 01:28:54,355 __main__     DEBUG    Got file list []
2016-09-14 01:28:59,371 __main__     DEBUG    Got file list []
2016-09-14 01:29:04,385 __main__     DEBUG    Got file list []
2016-09-14 01:29:09,400 __main__     DEBUG    Got file list []
2016-09-14 01:29:14,414 __main__     DEBUG    Got file list []
2016-09-14 01:29:19,429 __main__     DEBUG    Got file list []
2016-09-14 01:29:24,443 __main__     DEBUG    Got file list []
2016-09-14 01:29:29,460 __main__     DEBUG    Got file list []
2016-09-14 01:29:34,474 __main__     DEBUG    Got file list []
2016-09-14 01:29:39,489 __main__     DEBUG    Got file list []
2016-09-14 01:29:44,503 __main__     DEBUG    Got file list []
2016-09-14 01:29:49,517 __main__     DEBUG    Got file list []
2016-09-14 01:29:54,531 __main__     DEBUG    Got file list []
2016-09-14 01:29:59,547 __main__     DEBUG    Got file list []
2016-09-14 01:30:04,561 __main__     DEBUG    Got file list []
2016-09-14 01:30:09,575 __main__     DEBUG    Got file list []
2016-09-14 01:30:14,589 __main__     DEBUG    Got file list []
2016-09-14 01:30:15,981 __main__     INFO     Logging succesfully initialized
2016-09-14 01:30:15,982 __main__     DEBUG    Monitoring /media/sf_Elance/edusoft/s3uploader/mf
2016-09-14 01:30:15,982 __main__     ERROR    Unable to get JSON file list. Will retry in 5 seconds. Found error: global name 'istdir' is not defined
2016-09-14 01:30:20,988 __main__     ERROR    Unable to get JSON file list. Will retry in 5 seconds. Found error: global name 'istdir' is not defined
2016-09-14 01:30:25,994 __main__     ERROR    Unable to get JSON file list. Will retry in 5 seconds. Found error: global name 'istdir' is not defined
2016-09-14 01:30:29,423 __main__     INFO     Logging succesfully initialized
2016-09-14 01:30:29,423 __main__     DEBUG    Monitoring /media/sf_Elance/edusoft/s3uploader/mf
2016-09-14 01:30:29,425 __main__     DEBUG    Got all files: ['14326532. json', 'config', 'logs']
2016-09-14 01:30:29,426 __main__     DEBUG    Got file list []
2016-09-14 01:30:34,544 __main__     DEBUG    Got all files: ['14326532. json', 'config', 'logs']
2016-09-14 01:30:34,545 __main__     DEBUG    Got file list []
2016-09-14 01:30:39,560 __main__     DEBUG    Got all files: ['14326532. json', 'config', 'logs']
2016-09-14 01:30:39,561 __main__     DEBUG    Got file list []
2016-09-14 01:30:44,576 __main__     DEBUG    Got all files: ['14326532.json', 'config', 'logs']
2016-09-14 01:30:44,577 __main__     DEBUG    Got file list ['14326532.json']
2016-09-14 01:30:44,585 __main__     DEBUG    Process file 14326532.json
2016-09-14 01:30:44,587 __main__     ERROR    Unable to read JSON file /media/sf_Elance/edusoft/s3uploader/mf/14326532.json. Found error: No JSON object could be decoded
2016-09-14 01:30:49,594 __main__     DEBUG    Got all files: ['14326532.json', 'config', 'logs']
2016-09-14 01:30:49,595 __main__     DEBUG    Got file list ['14326532.json']
2016-09-14 01:30:49,605 __main__     DEBUG    Process file 14326532.json
2016-09-14 01:30:49,606 __main__     ERROR    Unable to read JSON file /media/sf_Elance/edusoft/s3uploader/mf/14326532.json. Found error: No JSON object could be decoded
2016-09-14 01:32:01,324 __main__     INFO     Logging succesfully initialized
2016-09-14 01:32:01,325 __main__     DEBUG    Monitoring /media/sf_Elance/edusoft/s3uploader/mf
2016-09-14 01:32:01,326 __main__     DEBUG    Got file list ['14326532.json']
2016-09-14 01:32:01,437 __main__     DEBUG    Process file 14326532.json
2016-09-14 01:32:01,438 __main__     ERROR    Unable to read JSON file /media/sf_Elance/edusoft/s3uploader/mf/14326532.json. Found error: Expecting property name: line 5 column 1 (char 98)
2016-09-14 01:32:06,445 __main__     DEBUG    Got file list ['14326532.json']
2016-09-14 01:32:06,453 __main__     DEBUG    Process file 14326532.json
2016-09-14 01:32:06,455 __main__     ERROR    Unable to read JSON file /media/sf_Elance/edusoft/s3uploader/mf/14326532.json. Found error: Expecting property name: line 5 column 1 (char 98)
2016-09-14 01:32:11,462 __main__     DEBUG    Got file list ['14326532.json']
2016-09-14 01:32:11,470 __main__     DEBUG    Process file 14326532.json
2016-09-14 01:32:11,471 __main__     ERROR    Unable to read JSON file /media/sf_Elance/edusoft/s3uploader/mf/14326532.json. Found error: Expecting property name: line 5 column 1 (char 98)
2016-09-14 01:32:16,478 __main__     DEBUG    Got file list ['14326532.json']
2016-09-14 01:32:16,486 __main__     DEBUG    Process file 14326532.json
2016-09-14 01:32:16,488 __main__     ERROR    Unable to get media file for JSON file /media/sf_Elance/edusoft/s3uploader/mf/14326532.json. Found error: [Errno 2] No such file or directory: u'/media/sf_Elance/edusoft/s3uploader/mf/1473734545..jpg'
2016-09-14 01:33:30,002 __main__     INFO     Logging succesfully initialized
2016-09-14 01:33:30,002 __main__     DEBUG    Monitoring /media/sf_Elance/edusoft/s3uploader/mf
2016-09-14 01:33:30,004 __main__     DEBUG    Got file list ['14326532.json']
2016-09-14 01:33:30,117 __main__     DEBUG    Process file 14326532.json
2016-09-14 01:33:30,119 __main__     ERROR    Unable to get media file for JSON file /media/sf_Elance/edusoft/s3uploader/mf/14326532.json. Found error: [Errno 2] No such file or directory: u'/media/sf_Elance/edusoft/s3uploader/mf/1473734545..jpg'
2016-09-14 01:35:07,327 __main__     INFO     Logging succesfully initialized
2016-09-14 01:35:07,328 __main__     DEBUG    Monitoring /media/sf_Elance/edusoft/s3uploader/mf
2016-09-14 01:35:07,329 __main__     DEBUG    Got file list ['14326532.json']
2016-09-14 01:35:07,439 __main__     DEBUG    Process file 14326532.json
2016-09-14 01:35:07,441 __main__     ERROR    Unable to get media file for JSON file /media/sf_Elance/edusoft/s3uploader/mf/14326532.json. Found error: [Errno 2] No such file or directory: u'/media/sf_Elance/edusoft/s3uploader/mf/1473734545.jpg'
2016-09-14 01:35:12,446 __main__     DEBUG    Got file list []
2016-09-14 01:35:17,460 __main__     DEBUG    Got file list []
2016-09-14 01:35:22,473 __main__     DEBUG    Got file list []
2016-09-14 01:35:27,488 __main__     DEBUG    Got file list []
2016-09-14 01:35:32,503 __main__     DEBUG    Got file list []
2016-09-14 01:35:37,518 __main__     DEBUG    Got file list []
2016-09-14 13:22:24,737 __main__     INFO     Logging succesfully initialized
2016-09-14 13:22:24,745 __main__     DEBUG    Monitoring /media/sf_Elance/edusoft/s3uploader/mf
2016-09-14 13:22:24,755 __main__     DEBUG    Got file list ['14326532.json']
2016-09-14 13:22:24,892 __main__     DEBUG    Process file 14326532.json
2016-09-14 13:22:24,894 __main__     ERROR    Unable to get media file for JSON file /media/sf_Elance/edusoft/s3uploader/mf/14326532.json. Found error: [Errno 2] No such file or directory: u'/media/sf_Elance/edusoft/s3uploader/mf/14326532.jpg'
2016-09-14 13:22:29,903 __main__     DEBUG    Got file list []
2016-09-14 13:23:05,845 __main__     INFO     Logging succesfully initialized
2016-09-14 13:23:05,846 __main__     DEBUG    Monitoring /media/sf_Elance/edusoft/s3uploader/mf
2016-09-14 13:23:05,847 __main__     DEBUG    Got file list ['14326532.json']
2016-09-14 13:23:05,963 __main__     DEBUG    Process file 14326532.json
2016-09-14 13:25:34,180 __main__     INFO     Logging succesfully initialized
2016-09-14 13:25:34,181 __main__     DEBUG    Monitoring /media/sf_Elance/edusoft/s3uploader/mf
2016-09-14 13:25:34,182 __main__     DEBUG    Got file list ['14326532.json']
2016-09-14 13:25:34,296 __main__     DEBUG    Process file 14326532.json
2016-09-14 13:25:41,080 __main__     DEBUG    Got file list []
2016-09-14 13:25:46,095 __main__     DEBUG    Got file list []
2016-09-14 13:25:51,110 __main__     DEBUG    Got file list []
2016-09-14 13:25:56,128 __main__     DEBUG    Got file list []
2016-09-14 13:26:01,142 __main__     DEBUG    Got file list []
2016-09-14 13:26:06,156 __main__     DEBUG    Got file list []
2016-09-14 13:26:11,172 __main__     DEBUG    Got file list []
2016-09-14 13:26:16,184 __main__     DEBUG    Got file list []
2016-09-14 13:26:21,199 __main__     DEBUG    Got file list []
2016-09-14 13:26:26,216 __main__     DEBUG    Got file list []
2016-09-14 13:26:31,231 __main__     DEBUG    Got file list []
2016-09-14 13:31:56,772 __main__     INFO     Logging succesfully initialized
2016-09-14 13:31:56,772 __main__     DEBUG    Monitoring /media/sf_Elance/edusoft/s3uploader/mf
2016-09-14 13:31:56,775 __main__     DEBUG    Got file list ['14326532.json']
2016-09-14 13:31:56,890 __main__     DEBUG    Process file 14326532.json
2016-09-14 13:31:56,892 __main__     DEBUG    Read file 14326532.json
2016-09-14 13:31:56,892 __main__     DEBUG    Prepared metadata {u'email': u'diego@dedosmedia.com'}
2016-09-14 13:31:56,893 __main__     DEBUG    Open media file /media/sf_Elance/edusoft/s3uploader/mf/14326532.jpg
2016-09-14 13:31:56,894 __main__     DEBUG    Prepared upload arguments {'Body': <open file u'/media/sf_Elance/edusoft/s3uploader/mf/14326532.jpg', mode 'rb' at 0x7fdb7637f150>, 'Metadata': {u'email': u'diego@dedosmedia.com'}, 'Key': u'videos/14326532.jpg', 'ACL': u'private'}
2016-09-14 13:31:58,610 __main__     DEBUG    Uploaded media file /media/sf_Elance/edusoft/s3uploader/mf/14326532.jpg
2016-09-14 13:31:58,615 __main__     DEBUG    Clean-up done
2016-09-14 13:32:03,624 __main__     DEBUG    Got file list []
2016-09-14 13:32:08,634 __main__     DEBUG    Got file list []
2016-09-14 13:32:13,649 __main__     DEBUG    Got file list []
2016-09-14 13:32:18,666 __main__     DEBUG    Got file list []
2016-09-14 13:32:23,680 __main__     DEBUG    Got file list []
2016-09-14 13:32:28,696 __main__     DEBUG    Got file list []
2016-09-14 13:32:33,708 __main__     DEBUG    Got file list []
2016-09-14 13:32:38,723 __main__     DEBUG    Got file list []
2016-09-14 13:32:43,738 __main__     DEBUG    Got file list []
2016-09-14 13:32:48,754 __main__     DEBUG    Got file list []
2016-09-14 13:32:53,768 __main__     DEBUG    Got file list []
2016-09-14 13:32:58,784 __main__     DEBUG    Got file list []
2016-09-14 13:33:03,798 __main__     DEBUG    Got file list []
2016-09-14 13:33:08,814 __main__     DEBUG    Got file list []
2016-09-14 13:33:13,829 __main__     DEBUG    Got file list []
2016-09-14 13:33:18,844 __main__     DEBUG    Got file list []
2016-09-14 13:33:23,861 __main__     DEBUG    Got file list []
2016-09-14 13:33:28,877 __main__     DEBUG    Got file list []
2016-09-14 13:33:33,891 __main__     DEBUG    Got file list []
2016-09-14 13:33:38,906 __main__     DEBUG    Got file list []
2016-09-14 13:33:43,920 __main__     DEBUG    Got file list []
2016-09-14 13:33:48,955 __main__     DEBUG    Got file list []
2016-09-14 13:33:53,971 __main__     DEBUG    Got file list []
2016-09-14 13:33:58,982 __main__     DEBUG    Got file list []
2016-09-14 13:34:03,997 __main__     DEBUG    Got file list []
2016-09-14 13:34:09,013 __main__     DEBUG    Got file list []
2016-09-14 13:34:14,028 __main__     DEBUG    Got file list []
2016-09-14 13:34:19,042 __main__     DEBUG    Got file list []
2016-09-14 13:34:24,057 __main__     DEBUG    Got file list []
2016-09-14 13:34:29,072 __main__     DEBUG    Got file list []
2016-09-14 13:34:34,087 __main__     DEBUG    Got file list []
2016-09-14 13:34:39,101 __main__     DEBUG    Got file list []
2016-09-14 13:34:44,112 __main__     DEBUG    Got file list []
2016-09-14 13:34:49,128 __main__     DEBUG    Got file list []
2016-09-14 13:34:54,142 __main__     DEBUG    Got file list []
2016-09-14 13:34:59,158 __main__     DEBUG    Got file list []
2016-09-14 13:35:04,173 __main__     DEBUG    Got file list []
2016-09-14 13:35:09,189 __main__     DEBUG    Got file list []
2016-09-14 13:35:14,204 __main__     DEBUG    Got file list []
2016-09-14 13:35:19,218 __main__     DEBUG    Got file list []
2016-09-14 13:35:24,234 __main__     DEBUG    Got file list []
2016-09-14 13:35:30,217 __main__     INFO     Logging succesfully initialized
2016-09-14 13:35:30,218 __main__     DEBUG    Monitoring /media/sf_Elance/edusoft/s3uploader/mf
2016-09-14 13:35:30,219 __main__     DEBUG    Got file list []
2016-09-14 13:35:35,340 __main__     DEBUG    Got file list []
2016-09-14 13:35:40,356 __main__     DEBUG    Got file list []
2016-09-14 13:35:45,370 __main__     DEBUG    Got file list ['14326532.json']
2016-09-14 13:35:45,379 __main__     DEBUG    Process file 14326532.json
2016-09-14 13:35:45,381 __main__     DEBUG    Read file 14326532.json
2016-09-14 13:35:45,382 __main__     DEBUG    Prepared metadata {u'email': u'diego@dedosmedia.com'}
2016-09-14 13:35:45,383 __main__     DEBUG    Open media file /media/sf_Elance/edusoft/s3uploader/mf/14326532.jpg
2016-09-14 13:35:45,384 __main__     DEBUG    Prepared upload arguments {'Body': <open file u'/media/sf_Elance/edusoft/s3uploader/mf/14326532.jpg', mode 'rb' at 0x7fd42cb996f0>, 'Metadata': {u'email': u'diego@dedosmedia.com'}, 'Key': u'videos/14326532.jpg', 'ACL': u'private'}
2016-09-14 13:35:47,127 __main__     DEBUG    Put object: {'_key': u'videos/14326532.jpg', 'meta': ResourceMeta('s3', identifiers=[u'bucket_name', u'key']), '_bucket_name': u'flx-videobooth'}
2016-09-14 13:35:47,128 __main__     DEBUG    Uploaded media file /media/sf_Elance/edusoft/s3uploader/mf/14326532.jpg
2016-09-14 13:35:47,132 __main__     DEBUG    Clean-up done
2016-09-14 13:35:52,141 __main__     DEBUG    Got file list []
2016-09-14 13:35:57,155 __main__     DEBUG    Got file list []
2016-09-14 14:31:27,129 __main__     INFO     Logging succesfully initialized
2016-09-14 14:31:27,130 __main__     DEBUG    Monitoring /media/sf_Elance/edusoft/s3uploader/mf
2016-09-14 14:31:27,131 __main__     DEBUG    Got file list []
2016-09-14 14:31:32,253 __main__     DEBUG    Got file list []
2016-09-14 14:31:37,269 __main__     DEBUG    Got file list []
2016-09-14 14:31:42,279 __main__     DEBUG    Got file list []
2016-09-14 14:31:47,294 __main__     DEBUG    Got file list []
2016-09-14 14:31:52,310 __main__     DEBUG    Got file list []
2016-09-14 14:31:57,324 __main__     DEBUG    Got file list []
2016-09-14 14:32:02,339 __main__     DEBUG    Got file list ['14326532.json']
2016-09-14 14:32:02,348 __main__     DEBUG    Process file 14326532.json
2016-09-14 14:32:02,350 __main__     DEBUG    Read file 14326532.json
2016-09-14 14:32:02,350 __main__     DEBUG    Prepared metadata {u'email': u'diego@dedosmedia.com'}
2016-09-14 14:32:02,351 __main__     DEBUG    Prepared upload arguments {'Metadata': {u'email': u'diego@dedosmedia.com'}, 'Key': u'videos/14326532.jpg', 'ACL': u'private'}
2016-09-14 14:32:02,351 __main__     DEBUG    Check if media file 14326532.jpg exist in bucket
2016-09-14 14:32:04,067 __main__     ERROR    Media file 14326532.jpg already exists.
2016-09-14 14:32:09,082 __main__     DEBUG    Got file list []
2016-09-14 14:32:14,098 __main__     DEBUG    Got file list []
2016-09-14 14:32:19,112 __main__     DEBUG    Got file list []
2016-09-14 14:32:24,128 __main__     DEBUG    Got file list ['14326532.json']
2016-09-14 14:32:24,136 __main__     DEBUG    Process file 14326532.json
2016-09-14 14:32:24,138 __main__     DEBUG    Read file 14326532.json
2016-09-14 14:32:24,139 __main__     DEBUG    Prepared metadata {u'email': u'diego@dedosmedia.com'}
2016-09-14 14:32:24,140 __main__     DEBUG    Prepared upload arguments {'Metadata': {u'email': u'diego@dedosmedia.com'}, 'Key': u'videos/14326532.jpg', 'ACL': u'private'}
2016-09-14 14:32:24,141 __main__     DEBUG    Check if media file 14326532.jpg exist in bucket
2016-09-14 14:32:25,653 __main__     ERROR    Media file 14326532.jpg already exists.
2016-09-14 14:32:30,668 __main__     DEBUG    Got file list []
2016-09-14 14:32:35,683 __main__     DEBUG    Got file list []
2016-09-14 14:32:40,699 __main__     DEBUG    Got file list []
2016-09-14 14:32:45,714 __main__     DEBUG    Got file list []
2016-09-14 14:32:50,728 __main__     DEBUG    Got file list []
2016-09-14 14:32:55,743 __main__     DEBUG    Got file list []
2016-09-14 14:33:00,758 __main__     DEBUG    Got file list []
2016-09-14 14:33:05,772 __main__     DEBUG    Got file list ['14326532.json']
2016-09-14 14:33:05,783 __main__     DEBUG    Process file 14326532.json
2016-09-14 14:33:05,786 __main__     DEBUG    Read file 14326532.json
2016-09-14 14:33:05,786 __main__     DEBUG    Prepared metadata {u'email': u'diego@dedosmedia.com'}
2016-09-14 14:33:05,787 __main__     DEBUG    Prepared upload arguments {'Metadata': {u'email': u'diego@dedosmedia.com'}, 'Key': u'videos/14326533.jpg', 'ACL': u'private'}
2016-09-14 14:33:05,787 __main__     DEBUG    Check if media file 14326533.jpg exist in bucket
2016-09-14 14:33:07,223 __main__     DEBUG    Media file 14326533.jpg does not exists
2016-09-14 14:33:07,224 __main__     DEBUG    Open media file /media/sf_Elance/edusoft/s3uploader/mf/14326533.jpg
2016-09-14 14:33:08,433 __main__     DEBUG    Put object: {'_key': u'videos/14326533.jpg', 'meta': ResourceMeta('s3', identifiers=[u'bucket_name', u'key']), '_bucket_name': u'flx-videobooth'}
2016-09-14 14:33:08,433 __main__     DEBUG    Uploaded media file /media/sf_Elance/edusoft/s3uploader/mf/14326533.jpg
2016-09-14 14:33:08,438 __main__     DEBUG    Clean-up done
2016-09-14 14:33:13,449 __main__     DEBUG    Got file list []
2016-09-14 14:33:18,464 __main__     DEBUG    Got file list []
2016-09-14 14:33:23,479 __main__     DEBUG    Got file list []
2016-09-14 14:33:28,491 __main__     DEBUG    Got file list []
2016-09-14 14:33:33,505 __main__     DEBUG    Got file list []
2016-09-14 14:33:38,522 __main__     DEBUG    Got file list []
2016-09-14 14:33:43,536 __main__     DEBUG    Got file list []
2016-09-14 14:33:48,552 __main__     DEBUG    Got file list []
2016-09-14 14:33:53,569 __main__     DEBUG    Got file list []
2016-09-14 14:33:58,583 __main__     DEBUG    Got file list []
2016-09-14 15:39:50,694 __main__     INFO     Logging succesfully initialized
2016-09-14 15:39:50,695 __main__     DEBUG    Monitoring /opt/mf
2016-09-14 15:39:50,696 __main__     DEBUG    Got file list []
2016-09-14 15:39:55,870 __main__     DEBUG    Got file list []
2016-09-14 15:40:00,886 __main__     DEBUG    Got file list []
2016-09-14 15:40:05,902 __main__     DEBUG    Got file list []
2016-09-14 15:40:10,918 __main__     DEBUG    Got file list []
2016-09-14 15:40:15,934 __main__     DEBUG    Got file list ['14326532.json']
2016-09-14 15:40:15,944 __main__     DEBUG    Process file 14326532.json
2016-09-14 15:40:15,946 __main__     DEBUG    Read file 14326532.json
2016-09-14 15:40:15,946 __main__     DEBUG    Prepared metadata {u'email': u'diego@dedosmedia.com'}
2016-09-14 15:40:15,947 __main__     DEBUG    Prepared upload arguments {'Metadata': {u'email': u'diego@dedosmedia.com'}, 'Key': u'videos/14326533.jpg', 'ACL': u'private'}
2016-09-14 15:40:15,948 __main__     DEBUG    Check if media file 14326533.jpg exist in bucket
2016-09-14 15:40:16,852 __main__     ERROR    Media file 14326533.jpg already exists.
2016-09-14 15:40:21,863 __main__     DEBUG    Got file list []
2016-09-14 15:40:26,878 __main__     DEBUG    Got file list []
2016-09-14 15:40:31,894 __main__     DEBUG    Got file list []
2016-09-14 15:40:36,911 __main__     DEBUG    Got file list []
2016-09-14 15:40:41,922 __main__     DEBUG    Got file list []
2016-09-14 15:40:46,938 __main__     DEBUG    Got file list []
2016-09-14 15:40:51,954 __main__     DEBUG    Got file list []
2016-09-14 15:40:56,969 __main__     DEBUG    Got file list []
2016-09-14 15:41:01,983 __main__     DEBUG    Got file list []
2016-09-14 15:41:06,999 __main__     DEBUG    Got file list []
2016-09-14 15:41:12,015 __main__     DEBUG    Got file list []
2016-09-14 15:41:17,032 __main__     DEBUG    Got file list []
2016-09-14 15:41:22,046 __main__     DEBUG    Got file list []
2016-09-14 15:41:27,061 __main__     DEBUG    Got file list []
2016-09-14 15:41:32,077 __main__     DEBUG    Got file list []
2016-09-14 15:41:37,094 __main__     DEBUG    Got file list []
2016-09-14 15:41:42,125 __main__     DEBUG    Got file list []
2016-09-14 15:41:47,141 __main__     DEBUG    Got file list []
2016-09-14 15:41:52,157 __main__     DEBUG    Got file list []
2016-09-14 15:41:57,171 __main__     DEBUG    Got file list []
2016-09-14 15:42:02,187 __main__     DEBUG    Got file list []
2016-09-14 15:42:07,203 __main__     DEBUG    Got file list []
2016-09-14 15:42:12,219 __main__     DEBUG    Got file list []
2016-09-14 15:42:17,234 __main__     DEBUG    Got file list []
2016-09-14 15:42:22,251 __main__     DEBUG    Got file list []
2016-09-14 15:42:27,266 __main__     DEBUG    Got file list []
2016-09-14 15:42:32,282 __main__     DEBUG    Got file list []
2016-09-14 15:42:37,299 __main__     DEBUG    Got file list []
2016-09-14 15:42:42,314 __main__     DEBUG    Got file list []
2016-09-14 15:42:47,330 __main__     DEBUG    Got file list ['14326532.json']
2016-09-14 15:42:47,340 __main__     DEBUG    Process file 14326532.json
2016-09-14 15:42:47,342 __main__     DEBUG    Read file 14326532.json
2016-09-14 15:42:47,343 __main__     DEBUG    Prepared metadata {u'email': u'diego@dedosmedia.com'}
2016-09-14 15:42:47,344 __main__     DEBUG    Prepared upload arguments {'Metadata': {u'email': u'diego@dedosmedia.com'}, 'Key': u'videos/14326533.jpg', 'ACL': u'private'}
2016-09-14 15:42:47,345 __main__     DEBUG    Check if media file 14326533.jpg exist in bucket
2016-09-14 15:42:48,325 __main__     DEBUG    Media file 14326533.jpg does not exists
2016-09-14 15:42:48,326 __main__     DEBUG    Open media file /opt/mf/14326533.jpg
2016-09-14 15:42:49,549 __main__     DEBUG    Put object: {'_key': u'videos/14326533.jpg', 'meta': ResourceMeta('s3', identifiers=[u'bucket_name', u'key']), '_bucket_name': u'flx-videobooth'}
2016-09-14 15:42:49,550 __main__     DEBUG    Uploaded media file /opt/mf/14326533.jpg
2016-09-14 15:42:49,553 __main__     DEBUG    Clean-up done
2016-09-14 15:42:54,563 __main__     DEBUG    Got file list []
2016-09-14 15:42:59,581 __main__     DEBUG    Got file list []
2016-09-14 15:43:04,598 __main__     DEBUG    Got file list []
2016-09-14 15:43:09,614 __main__     DEBUG    Got file list []
2016-09-14 15:43:14,630 __main__     DEBUG    Got file list []
2016-09-14 15:43:19,646 __main__     DEBUG    Got file list []
2016-09-14 15:43:24,661 __main__     DEBUG    Got file list []
2016-09-14 15:43:29,678 __main__     DEBUG    Got file list []
2016-09-14 15:43:34,694 __main__     DEBUG    Got file list []
2016-09-14 15:43:39,718 __main__     DEBUG    Got file list []
2016-09-14 15:43:44,734 __main__     DEBUG    Got file list []
2016-09-14 15:43:49,749 __main__     DEBUG    Got file list []
2016-09-14 15:43:54,765 __main__     DEBUG    Got file list []
2016-09-14 15:43:59,783 __main__     DEBUG    Got file list []
2016-09-14 15:44:04,799 __main__     DEBUG    Got file list []
2016-09-14 15:44:09,814 __main__     DEBUG    Got file list []
2016-09-14 15:44:14,830 __main__     DEBUG    Got file list []
2016-09-14 15:44:19,846 __main__     DEBUG    Got file list []
2016-09-14 15:44:24,861 __main__     DEBUG    Got file list []
2016-09-14 15:44:29,878 __main__     DEBUG    Got file list []
2016-09-14 15:44:34,894 __main__     DEBUG    Got file list []
2016-09-14 15:44:39,910 __main__     DEBUG    Got file list []
2016-09-14 15:44:44,922 __main__     DEBUG    Got file list []
2016-09-14 15:44:49,938 __main__     DEBUG    Got file list []
2016-09-14 15:44:54,953 __main__     DEBUG    Got file list []
2016-09-14 15:44:59,979 __main__     DEBUG    Got file list []
2016-09-14 15:45:04,995 __main__     DEBUG    Got file list []
2016-09-14 15:45:10,011 __main__     DEBUG    Got file list []
2016-09-14 15:45:15,027 __main__     DEBUG    Got file list []
2016-09-14 15:45:20,042 __main__     DEBUG    Got file list []
2016-09-14 15:45:25,058 __main__     DEBUG    Got file list []
